Running over TrackerOnly MC samples
Analysing sample:  Lc2625munu
Running over polarity:  MagDown
/disk/lhcb_data2/RLcMuonic2016/MC_TrackerOnly/Lb_Lc2625munu_MagDown.root tupleout/DecayTree /disk/lhcb_data2/RLcMuonic2016/MC_TrackerOnly/Lb_Lc2625munu_MagDown_FFcorrections.root DecayTree {'Lcmunu': 'mu', 'Lctaunu': 'tau', 'Lc2593munu': 'mu', 'Lc2593taunu': 'tau', 'Lc2625munu': 'mu', 'Lc2625taunu': 'tau'} Lb_True_Q2_mu Lb_True_Costhetal_mu
Using the histname Lc2625mu_ratio
(0.012, 8.947999954223633, -1.0, 1.0) 74.70709874243026
Events read 10000
Events read 20000
Events read 30000
Events read 40000
Events read 50000
Events read 60000
Events read 70000
Events read 80000
Events read 90000
Events read 100000
Events read 110000
Events read 120000
Events read 130000
Events read 140000
Events read 150000
Events read 160000
Events read 170000
Events read 180000
Events read 190000
Events read 200000
Events read 210000
Events read 220000
Events read 230000
Events read 240000
Events read 250000
Events read 260000
Events read 270000
Events read 280000
Events read 290000
Events read 300000
Events read 310000
Events read 320000
Events read 330000
Events read 340000
Events read 350000
Events read 360000
Events read 370000
Events read 380000
Events read 390000
Events read 400000
Events read 410000
Events read 420000
Events read 430000
Events read 440000
Events read 450000
Events read 460000
Events read 470000
Events read 480000
Events read 490000
Events read 500000
Events read 510000
Events read 520000
Events read 530000
Events read 540000
Events read 550000
Events read 560000
Events read 570000
Events read 580000
Events read 590000
Events read 600000
Events read 610000
Events read 620000
Events read 630000
Events read 640000
Events read 650000
Events read 660000
Events read 670000
Events read 680000
Events read 690000
Events read 700000
Events read 710000
Events read 720000
Events read 730000
Events read 740000
Events read 750000
Events read 760000
Events read 770000
Events read 780000
Events read 790000
Events read 800000
Events read 810000
Events read 820000
Events read 830000
Events read 840000
Events read 850000
Events read 860000
Events read 870000
Events read 880000
Events read 890000
Events read 900000
Events read 910000
Events read 920000
Events read 930000
Events read 940000
Events read 950000
Events read 960000
Events read 970000
Events read 980000
Events read 990000
Events read 1000000
Events read 1010000
Events read 1020000
Events read 1030000
Events read 1040000
Events read 1050000
Events read 1060000
Events read 1070000
Events read 1080000
Events read 1090000
Events read 1100000
Events read 1110000
Events read 1120000
Events read 1130000
Events read 1140000
Events read 1150000
Events read 1160000
Events read 1170000
Events read 1180000
Events read 1190000
Events read 1200000
Events read 1210000
Events read 1220000
Events read 1230000
Events read 1240000
Events read 1250000
Events read 1260000
Events read 1270000
Events read 1280000
Events read 1290000
Events read 1300000
Events read 1310000
Events read 1320000
Events read 1330000
Events read 1340000
Events read 1350000
Events read 1360000
Events read 1370000
Events read 1380000
Events read 1390000
Events read 1400000
Events read 1410000
Events read 1420000
Events read 1430000
Events read 1440000
Events read 1450000
Events read 1460000
Events read 1470000
Events read 1480000
Events read 1490000
Events read 1500000
Events read 1510000
Events read 1520000
Events read 1530000
Events read 1540000
Events read 1550000
Events read 1560000
Events read 1570000
Events read 1580000
Events read 1590000
Events read 1600000
Events read 1610000
Events read 1620000
Events read 1630000
Events read 1640000
Events read 1650000
Events read 1660000
Events read 1670000
Events read 1680000
Events read 1690000
Events read 1700000
Events read 1710000
Events read 1720000
Events read 1730000
Events read 1740000
Events read 1750000
Events read 1760000
Events read 1770000
Events read 1780000
Events read 1790000
Events read 1800000
Events read 1810000
Events read 1820000
Events read 1830000
Events read 1840000
Events read 1850000
Events read 1860000
Events read 1870000
Events read 1880000
Events read 1890000
Events read 1900000
Events read 1910000
Events read 1920000
Events read 1930000
Events read 1940000
Events read 1950000
Events read 1960000
Events read 1970000
Events read 1980000
Events read 1990000
Events read 2000000
Events read 2010000
Events read 2020000
Events read 2030000
Events read 2040000
Events read 2050000
Events read 2060000
Events read 2070000
Events read 2080000
Events read 2090000
Events read 2100000
Events read 2110000
Events read 2120000
Events read 2130000
Events read 2140000
Events read 2150000
Events read 2160000
Events read 2170000
Events read 2180000
Events read 2190000
Events read 2200000
Events read 2210000
Events read 2220000
Events read 2230000
Events read 2240000
Events read 2250000
Events read 2260000
Events read 2270000
Events read 2280000
Events read 2290000
Events read 2300000
Events read 2310000
Events read 2320000
Events read 2330000
Events read 2340000
Events read 2350000
Events read 2360000
Events read 2370000
Events read 2380000
Events read 2390000
Events read 2400000
Events read 2410000
Events read 2420000
Events read 2430000
Events read 2440000
Events read 2450000
Events read 2460000
Events read 2470000
Events read 2480000
Events read 2490000
Events read 2500000
Events read 2510000
Events read 2520000
Events read 2530000
Events read 2540000
Events read 2550000
Events read 2560000
Events read 2570000
Events read 2580000
Events read 2590000
Events read 2600000
Events read 2610000
Events read 2620000
Events read 2630000
Events read 2640000
Events read 2650000
Events read 2660000
Events read 2670000
Events read 2680000
Events read 2690000
Events read 2700000
Events read 2710000
Events read 2720000
Events read 2730000
Events read 2740000
Events read 2750000
Events read 2760000
Events read 2770000
Events read 2780000
Events read 2790000
Events read 2800000
Events read 2810000
Events read 2820000
Events read 2830000
Events read 2840000
Events read 2850000
Events read 2860000
Events read 2870000
Events read 2880000
Events read 2890000
Events read 2900000
Events read 2910000
Events read 2920000
Events read 2930000
Events read 2940000
Events read 2950000
Events read 2960000
Events read 2970000
Events read 2980000
Events read 2990000
Events read 3000000
Events read 3010000
Events read 3020000
Events read 3030000
Events read 3040000
Events read 3050000
Events read 3060000
Events read 3070000
Events read 3080000
Events read 3090000
Events read 3100000
Events read 3110000
Events read 3120000
Events read 3130000
Events read 3140000
Events read 3150000
Events read 3160000
Events read 3170000
Events read 3180000
Events read 3190000
Events read 3200000
Events read 3210000
Events read 3220000
Events read 3230000
Events read 3240000
Events read 3250000
Events read 3260000
Events read 3270000
Events read 3280000
Events read 3290000
Events read 3300000
Events read 3310000
Events read 3320000
Events read 3330000
Events read 3340000
Events read 3350000
Events read 3360000
Events read 3370000
Events read 3380000
Events read 3390000
Events read 3400000
Events read 3410000
Events read 3420000
Events read 3430000
Events read 3440000
Events read 3450000
Events read 3460000
Events read 3470000
Events read 3480000
Events read 3490000
Events read 3500000
Events read 3510000
Events read 3520000
Events read 3530000
Events read 3540000
Events read 3550000
Events read 3560000
Events read 3570000
Events read 3580000
Events read 3590000
Events read 3600000
Events read 3610000
Events read 3620000
Events read 3630000
Events read 3640000
Events read 3650000
Events read 3660000
Events read 3670000
Events read 3680000
Events read 3690000
Events read 3700000
Events read 3710000
Events read 3720000
Events read 3730000
Events read 3740000
Events read 3750000
Events read 3760000
Events read 3770000
Events read 3780000
Events read 3790000
Events read 3800000
Events read 3810000
Events read 3820000
Events read 3830000
Events read 3840000
Events read 3850000
Events read 3860000
Events read 3870000
Events read 3880000
Events read/home/hep/buonaura/.local/lib/python3.6/site-packages/uproot3/__init__.py:138: FutureWarning: Consider switching from 'uproot3' to 'uproot', since the new interface became the default in 2020.

    pip install -U uproot

In Python:

    >>> import uproot
    >>> with uproot.open(...) as file:
    ...

  FutureWarning
/home/hep/buonaura/.local/lib/python3.6/site-packages/awkward0/__init__.py:23: FutureWarning: Consider switching from 'awkward0' to 'awkward', since the new interface became the default in 2020.

    pip install -U awkward

In Python:

    >>> import awkward as ak
    >>> new_style_array = ak.from_awkward0(old_style_array)
    >>> old_style_array = ak.to_awkward0(new_style_array)

  FutureWarning
/home/hep/buonaura/Analysis/RLc/scripts/FFcorr/store_q2costhmu.py:20: RuntimeWarning: invalid value encountered in true_divide
  boost = -SpatialComponents(boostvector)/Scalar(TimeComponent(boostvector))
/home/hep/buonaura/Analysis/RLc/scripts/FFcorr/store_q2costhmu.py:10: RuntimeWarning: invalid value encountered in sqrt
  gamma = 1./np.sqrt(1.-b2)
/home/hep/buonaura/Analysis/RLc/scripts/FFcorr/store_q2costhmu.py:24: RuntimeWarning: invalid value encountered in true_divide
  return vec/Scalar(Norm(vec))
/home/hep/buonaura/Analysis/RLc/scripts/FFcorr/store_q2costhmu.py:10: RuntimeWarning: divide by zero encountered in true_divide
  gamma = 1./np.sqrt(1.-b2)
/home/hep/buonaura/Analysis/RLc/scripts/FFcorr/store_q2costhmu.py:15: RuntimeWarning: invalid value encountered in add
  vp2   = vp + Scalar(gamma2*bp + gamma*ve)*boost
/home/hep/buonaura/Analysis/RLc/scripts/FFcorr/store_q2costhmu.py:15: RuntimeWarning: invalid value encountered in multiply
  vp2   = vp + Scalar(gamma2*bp + gamma*ve)*boost
/home/hep/buonaura/Analysis/RLc/scripts/FFcorr/store_q2costhmu.py:16: RuntimeWarning: invalid value encountered in multiply
  ve2   = gamma*(ve + bp)
/home/hep/buonaura/Analysis/RLc/scripts/FFcorr/store_q2costhmu.py:33: RuntimeWarning: invalid value encountered in sqrt
  return np.sqrt(np.sum(vector*vector*MetricTensor(), 1))
 3890000
Events read 3900000
Events read 3910000
Events read 3920000
Events read 3930000
Events read 3940000
Events read 3950000
Events read 3960000
Events read 3970000
Events read 3980000
Events read 3990000
Events read 4000000
Events read 4010000
Events read 4020000
Events read 4030000
Events read 4040000
Events read 4050000
Events read 4060000
Events read 4070000
Events read 4080000
Events read 4090000
Events read 4100000
Events read 4110000
Events read 4120000
Events read 4130000
Events read 4140000
Events read 4150000
Events read 4160000
Events read 4170000
Events read 4180000
Events read 4190000
Events read 4200000
Events read 4210000
Events read 4220000
Events read 4230000
Events read 4240000
Events read 4250000
Events read 4260000
Events read 4270000
Events read 4280000
Events read 4290000
Events read 4300000
Events read 4310000
Events read 4320000
Events read 4330000
Events read 4340000
Events read 4350000
Events read 4360000
Events read 4370000
Events read 4380000
Events read 4390000
Events read 4400000
Events read 4410000
Events read 4420000
Events read 4430000
Events read 4440000
Events read 4450000
Events read 4460000
Events read 4470000
Events read 4480000
Events read 4490000
Events read 4500000
Events read 4510000
Events read 4520000
Events read 4530000
Events read 4540000
Events read 4550000
Events read 4560000
Events read 4570000
Events read 4580000
Events read 4590000
Events read 4600000
Events read 4610000
Events read 4620000
Events read 4630000
Events read 4640000
Events read 4650000
Events read 4660000
Events read 4670000
Events read 4680000
Events read 4690000
Events read 4700000
Events read 4710000
Events read 4720000
Events read 4730000
Events read 4740000
Events read 4750000
Events read 4760000
Events read 4770000
Events read 4780000
Events read 4790000
Events read 4800000
Events read 4810000
Events read 4820000
Events read 4830000
Events read 4840000
Events read 4850000
Events read 4860000
Events read 4870000
Events read 4880000
Events read 4890000
Events read 4900000
Events read 4910000
Events read 4920000
Events read 4930000
Events read 4940000
Events read 4950000
Events read 4960000
Events read 4970000
Events read 4980000
Events read 4990000
Events read 5000000
Events read 5010000
Events read 5020000
Events read 5030000
Events read 5040000
Events read 5050000
Events read 5060000
Events read 5070000
Events read 5080000
Events read 5090000
Events read 5100000
Events read 5110000
Events read 5120000
Events read 5130000
Events read 5140000
Events read 5150000
Events read 5160000
Events read 5170000
Events read 5180000
Events read 5190000
Events read 5200000
Events read 5210000
Events read 5220000
Events read 5230000
Events read 5240000
Events read 5250000
Events read 5260000
Events read 5270000
Events read 5280000
Events read 5290000
Events read 5300000
Events read 5310000
Events read 5320000
Events read 5330000
Events read 5340000
Events read 5350000
Events read 5360000
Events read 5370000
Events read 5380000
Events read 5390000
Events read 5400000
Events read 5410000
Events read 5420000
Events read 5430000
Events read 5440000
Events read 5450000
Events read 5460000
Events read 5470000
Events read 5480000
Events read 5490000
Events read 5500000
Events read 5510000
Events read 5520000
Events read 5530000
Events read 5540000
Events read 5550000
Events read 5560000
Events read 5570000
Events read 5580000
Events read 5590000
Events read 5600000
Events read 5610000
Events read 5620000
Events read 5630000
Events read 5640000
Events read 5650000
Events read 5660000
Events read 5670000
Events read 5680000
Events read 5690000
Events read 5700000
Events read 5710000
Events read 5720000
Events read 5730000
Events read 5740000
Events read 5750000
Events read 5760000
Events read 5770000
Events read 5780000
Events read 5790000
Events read 5800000
Events read 5810000
Events read 5820000
Events read 5830000
Events read 5840000
Events read 5850000
Events read 5860000
Events read 5870000
Events read 5880000
Events read 5881625
