
[1mRooFit v3.60 -- Developed by Wouter Verkerke and David Kirkby[0m 
                Copyright (C) 2000-2013 NIKHEF, University of California & Stanford University
                All rights reserved, please read http://roofit.sourceforge.net/license.txt

 Negative mbody weight 
 Negative mbody weight 
/disk/users/abuonaura/miniconda3/envs/lhcb_ana/lib/python3.7/site-packages/sklearn/base.py:315: UserWarning: Trying to unpickle estimator LabelEncoder from version 0.22 when using version 0.24.2. This might lead to breaking code or invalid results. Use at your own risk.
  UserWarning)
MagDown
    Lb_LcDs

>>>   Creating file with BDT variable

Writing isolation variables
Computing Lb Corrections
17891088
  Event:  50000
  Event:  100000
  Event:  150000
  Event:  200000
  Event:  250000
  Event:  300000
  Event:  350000
  Event:  400000
  Event:  450000
  Event:  500000
  Event:  550000
  Event:  600000
  Event:  650000
  Event:  700000
  Event:  750000
  Event:  800000
  Event:  850000
  Event:  900000
  Event:  950000
  Event:  1000000
  Event:  1050000
  Event:  1100000
  Event:  1150000
  Event:  1200000
  Event:  1250000
  Event:  1300000
  Event:  1350000
  Event:  1400000
  Event:  1450000
  Event:  1500000
  Event:  1550000
  Event:  1600000
  Event:  1650000
  Event:  1700000
  Event:  1750000
  Event:  1800000
  Event:  1850000
  Event:  1900000
  Event:  1950000
  Event:  2000000
  Event:  2050000
  Event:  2100000
  Event:  2150000
  Event:  2200000
  Event:  2250000
  Event:  2300000
  Event:  2350000
  Event:  2400000
  Event:  2450000
  Event:  2500000
  Event:  2550000
  Event:  2600000
  Event:  2650000
  Event:  2700000
  Event:  2750000
  Event:  2800000
  Event:  2850000
  Event:  2900000
  Event:  2950000
  Event:  3000000
  Event:  3050000
  Event:  3100000
  Event:  3150000
  Event:  3200000
  Event:  3250000
  Event:  3300000
  Event:  3350000
  Event:  3400000
  Event:  3450000
  Event:  3500000
  Event:  3550000
  Event:  3600000
  Event:  3650000
  Event:  3700000
  Event:  3750000
  Event:  3800000
  Event:  3850000
  Event:  3900000
  Event:  3950000
  Event:  4000000
  Event:  4050000
  Event:  4100000
  Event:  4150000
  Event:  4200000
  Event:  4250000
  Event:  4300000
  Event:  4350000
  Event:  4400000
  Event:  4450000
  Event:  4500000
  Event:  4550000
  Event:  4600000
  Event:  4650000
  Event:  4700000
  Event:  4750000
  Event:  4800000
  Event:  4850000
  Event:  4900000
  Event:  4950000
  Event:  5000000
  Event:  5050000
  Event:  5100000
  Event:  5150000
  Event:  5200000
  Event:  5250000
  Event:  5300000
  Event:  5350000
  Event:  5400000
  Event:  5450000
  Event:  5500000
  Event:  5550000
  Event:  5600000
  Event:  5650000
  Event:  5700000
  Event:  5750000
  Event:  5800000
  Event:  5850000
  Event:  5900000
  Event:  5950000
  Event:  6000000
  Event:  6050000
  Event:  6100000
  Event:  6150000
  Event:  6200000
  Event:  6250000
  Event:  6300000
  Event:  6350000
  Event:  6400000
  Event:  6450000
  Event:  6500000
  Event:  6550000
  Event:  6600000
  Event:  6650000
  Event:  6700000
  Event:  6750000
  Event:  6800000
  Event:  6850000
  Event:  6900000
  Event:  6950000
  Event:  7000000
  Event:  7050000
  Event:  7100000
  Event:  7150000
  Event:  7200000
  Event:  7250000
  Event:  7300000
  Event:  7350000
  Event:  7400000
  Event:  7450000
  Event:  7500000
  Event:  7550000
  Event:  7600000
  Event:  7650000
  Event:  7700000
  Event:  7750000
  Event:  7800000
  Event:  7850000
  Event:  7900000
  Event:  7950000
  Event:  8000000
  Event:  8050000
  Event:  8100000
  Event:  8150000
  Event:  8200000
  Event:  8250000
  Event:  8300000
  Event:  8350000
  Event:  8400000
  Event:  8450000
  Event:  8500000
  Event:  8550000
  Event:  8600000
  Event:  8650000
  Event:  8700000
  Event:  8750000
  Event:  8800000
  Event:  8850000
  Event:  8900000
  Event:  8950000
  Event:  9000000
  Event:  9050000
  Event:  9100000
  Event:  9150000
  Event:  9200000
  Event:  9250000
  Event:  9300000
  Event:  9350000
  Event:  9400000
  Event:  9450000
  Event:  9500000
  Event:  9550000
  Event:  9600000
  Event:  9650000
  Event:  9700000
  Event:  9750000
  Event:  9800000
  Event:  9850000
  Event:  9900000
  Event:  9950000
  Event:  10000000
  Event:  10050000
  Event:  10100000
  Event:  10150000
  Event:  10200000
  Event:  10250000
  Event:  10300000
  Event:  10350000
  Event:  10400000
  Event:  10450000
  Event:  10500000
  Event:  10550000
  Event:  10600000
  Event:  10650000
  Event:  10700000
  Event:  10750000
  Event:  10800000
  Event:  10850000
  Event:  10900000
  Event:  10950000
  Event:  11000000
  Event:  11050000
  Event:  11100000
  Event:  11150000
  Event:  11200000
  Event:  11250000
  Event:  11300000
  Event:  11350000
  Event:  11400000
  Event:  11450000
  Event:  11500000
  Event:  11550000
  Event:  11600000
  Event:  11650000
  Event:  11700000
  Event:  11750000
  Event:  11800000
  Event:  11850000
  Event:  11900000
  Event:  11950000
  Event:  12000000
  Event:  12050000
  Event:  12100000
  Event:  12150000
  Event:  12200000
  Event:  12250000
  Event:  12300000
  Event:  12350000
  Event:  12400000
  Event:  12450000
  Event:  12500000
  Event:  12550000
  Event:  12600000
  Event:  12650000
  Event:  12700000
  Event:  12750000
  Event:  12800000
  Event:  12850000
  Event:  12900000
  Event:  12950000
  Event:  13000000
  Event:  13050000
  Event:  13100000
  Event:  13150000
  Event:  13200000
  Event:  13250000
  Event:  13300000
  Event:  13350000
  Event:  13400000
  Event:  13450000
  Event:  13500000
  Event:  13550000
  Event:  13600000
  Event:  13650000
  Event:  13700000
  Event:  13750000
  Event:  13800000
  Event:  13850000
  Event:  13900000
  Event:  13950000
  Event:  14000000
  Event:  14050000
  Event:  14100000
  Event:  14150000
  Event:  14200000
  Event:  14250000
  Event:  14300000
  Event:  14350000
  Event:  14400000
  Event:  14450000
  Event:  14500000
  Event:  14550000
  Event:  14600000
  Event:  14650000
  Event:  14700000
  Event:  14750000
  Event:  14800000
  Event:  14850000
  Event:  14900000
  Event:  14950000
  Event:  15000000
  Event:  15050000
  Event:  15100000
  Event:  15150000
  Event:  15200000
  Event:  15250000
  Event:  15300000
  Event:  15350000
  Event:  15400000
  Event:  15450000
  Event:  15500000
  Event:  15550000
  Event:  15600000
  Event:  15650000
  Event:  15700000
  Event:  15750000
  Event:  15800000
  Event:  15850000
  Event:  15900000
  Event:  15950000
  Event:  16000000
  Event:  16050000
  Event:  16100000
  Event:  16150000
  Event:  16200000
  Event:  16250000
  Event:  16300000
  Event:  16350000
  Event:  16400000
  Event:  16450000
  Event:  16500000
  Event:  16550000
  Event:  16600000
  Event:  16650000
  Event:  16700000
  Event:  16750000
  Event:  16800000
  Event:  16850000
  Event:  16900000
  Event:  16950000
  Event:  17000000
  Event:  17050000
  Event:  17100000
  Event:  17150000
  Event:  17200000
  Event:  17250000
  Event:  17300000
  Event:  17350000
  Event:  17400000
  Event:  17450000
  Event:  17500000
  Event:  17550000
  Event:  17600000
  Event:  17650000
  Event:  17700000
  Event:  17750000
  Event:  17800000
  Event:  17850000
17891088 17891088
ok
Writing the preselection tree ...
Tree written.
