
[1mRooFit v3.60 -- Developed by Wouter Verkerke and David Kirkby[0m 
                Copyright (C) 2000-2013 NIKHEF, University of California & Stanford University
                All rights reserved, please read http://roofit.sourceforge.net/license.txt

/disk/users/abuonaura/miniconda3/envs/lhcb_ana/lib/python3.7/site-packages/sklearn/base.py:315: UserWarning: Trying to unpickle estimator LabelEncoder from version 0.22 when using version 0.24.2. This might lead to breaking code or invalid results. Use at your own risk.
  UserWarning)
MagDown
    Lb_Lc2593munu

>>>   Creating file with BDT variable

Writing isolation variables
Computing Lb Corrections
1069865
  Event:  50000
  Event:  100000
  Event:  150000
  Event:  200000
  Event:  250000
  Event:  300000
  Event:  350000
  Event:  400000
  Event:  450000
  Event:  500000
  Event:  550000
  Event:  600000
  Event:  650000
  Event:  700000
  Event:  750000
  Event:  800000
  Event:  850000
  Event:  900000
  Event:  950000
  Event:  1000000
  Event:  1050000
1069865 1069865
ok
Writing the preselection tree ...
Tree written.
